# JRE version: OpenJDK Runtime Environment (8.0_202-b03) (build 1.8.0_202-release-1483-b03)
# Java VM: OpenJDK 64-Bit Server VM (25.202-b03 mixed mode windows-amd64 compressed oops)
Heap:
 PSYoungGen      total 315392K, used 32447K [0x00000000e0000000, 0x00000000f8900000, 0x0000000100000000)
  eden space 248832K, 10% used [0x00000000e0000000,0x00000000e19ebca8,0x00000000ef300000)
  from space 66560K, 8% used [0x00000000f4800000,0x00000000f4dc4020,0x00000000f8900000)
  to   space 76800K, 0% used [0x00000000ef300000,0x00000000ef300000,0x00000000f3e00000)
 ParOldGen       total 213504K, used 135294K [0x00000000a0000000, 0x00000000ad080000, 0x00000000e0000000)
  object space 213504K, 63% used [0x00000000a0000000,0x00000000a841faf0,0x00000000ad080000)
 Metaspace       used 148240K, capacity 158266K, committed 158592K, reserved 1187840K
  class space    used 19062K, capacity 20739K, committed 20864K, reserved 1048576K
GC Heap History (10 events):
Event: 5100.492 GC heap before
{Heap before GC invocations=44 (full 4):
 PSYoungGen      total 263168K, used 262753K [0x00000000e0000000, 0x00000000f8700000, 0x0000000100000000)
  eden space 251904K, 100% used [0x00000000e0000000,0x00000000ef600000,0x00000000ef600000)
  from space 11264K, 96% used [0x00000000efe80000,0x00000000f09184b8,0x00000000f0980000)
  to   space 74240K, 0% used [0x00000000f3e80000,0x00000000f3e80000,0x00000000f8700000)
 ParOldGen       total 213504K, used 134726K [0x00000000a0000000, 0x00000000ad080000, 0x00000000e0000000)
  object space 213504K, 63% used [0x00000000a0000000,0x00000000a8391ab8,0x00000000ad080000)
 Metaspace       used 147704K, capacity 157478K, committed 157696K, reserved 1185792K
  class space    used 19014K, capacity 20651K, committed 20736K, reserved 1048576K
Event: 5100.524 GC heap after
Heap after GC invocations=44 (full 4):
 PSYoungGen      total 306688K, used 6016K [0x00000000e0000000, 0x00000000f7c00000, 0x0000000100000000)
  eden space 243712K, 0% used [0x00000000e0000000,0x00000000e0000000,0x00000000eee00000)
  from space 62976K, 9% used [0x00000000f3e80000,0x00000000f4460020,0x00000000f7c00000)
  to   space 72704K, 0% used [0x00000000eee00000,0x00000000eee00000,0x00000000f3500000)
 ParOldGen       total 213504K, used 134894K [0x00000000a0000000, 0x00000000ad080000, 0x00000000e0000000)
  object space 213504K, 63% used [0x00000000a0000000,0x00000000a83bbae0,0x00000000ad080000)
 Metaspace       used 147704K, capacity 157478K, committed 157696K, reserved 1185792K
  class space    used 19014K, capacity 20651K, committed 20736K, reserved 1048576K
}
Event: 5104.154 GC heap before
{Heap before GC invocations=45 (full 4):
 PSYoungGen      total 306688K, used 249728K [0x00000000e0000000, 0x00000000f7c00000, 0x0000000100000000)
  eden space 243712K, 100% used [0x00000000e0000000,0x00000000eee00000,0x00000000eee00000)
  from space 62976K, 9% used [0x00000000f3e80000,0x00000000f4460020,0x00000000f7c00000)
  to   space 72704K, 0% used [0x00000000eee00000,0x00000000eee00000,0x00000000f3500000)
 ParOldGen       total 213504K, used 134894K [0x00000000a0000000, 0x00000000ad080000, 0x00000000e0000000)
  object space 213504K, 63% used [0x00000000a0000000,0x00000000a83bbae0,0x00000000ad080000)
 Metaspace       used 147841K, capacity 157656K, committed 157952K, reserved 1185792K
  class space    used 19024K, capacity 20670K, committed 20736K, reserved 1048576K
Event: 5104.222 GC heap after
Heap after GC invocations=45 (full 4):
 PSYoungGen      total 316416K, used 60950K [0x00000000e0000000, 0x00000000fa600000, 0x0000000100000000)
  eden space 243712K, 0% used [0x00000000e0000000,0x00000000e0000000,0x00000000eee00000)
  from space 72704K, 83% used [0x00000000eee00000,0x00000000f2985bd0,0x00000000f3500000)
  to   space 81408K, 0% used [0x00000000f5680000,0x00000000f5680000,0x00000000fa600000)
 ParOldGen       total 213504K, used 134990K [0x00000000a0000000, 0x00000000ad080000, 0x00000000e0000000)
  object space 213504K, 63% used [0x00000000a0000000,0x00000000a83d3af0,0x00000000ad080000)
 Metaspace       used 147841K, capacity 157656K, committed 157952K, reserved 1185792K
  class space    used 19024K, capacity 20670K, committed 20736K, reserved 1048576K
}
Event: 5223.746 GC heap before
{Heap before GC invocations=46 (full 4):
 PSYoungGen      total 316416K, used 304662K [0x00000000e0000000, 0x00000000fa600000, 0x0000000100000000)
  eden space 243712K, 100% used [0x00000000e0000000,0x00000000eee00000,0x00000000eee00000)
  from space 72704K, 83% used [0x00000000eee00000,0x00000000f2985bd0,0x00000000f3500000)
  to   space 81408K, 0% used [0x00000000f5680000,0x00000000f5680000,0x00000000fa600000)
 ParOldGen       total 213504K, used 134990K [0x00000000a0000000, 0x00000000ad080000, 0x00000000e0000000)
  object space 213504K, 63% used [0x00000000a0000000,0x00000000a83d3af0,0x00000000ad080000)
 Metaspace       used 147947K, capacity 157802K, committed 157952K, reserved 1185792K
  class space    used 19031K, capacity 20683K, committed 20736K, reserved 1048576K
Event: 5223.810 GC heap after
Heap after GC invocations=46 (full 4):
 PSYoungGen      total 343552K, used 39429K [0x00000000e0000000, 0x00000000fa200000, 0x0000000100000000)
  eden space 266240K, 0% used [0x00000000e0000000,0x00000000e0000000,0x00000000f0400000)
  from space 77312K, 51% used [0x00000000f5680000,0x00000000f7d01720,0x00000000fa200000)
  to   space 80896K, 0% used [0x00000000f0400000,0x00000000f0400000,0x00000000f5300000)
 ParOldGen       total 213504K, used 135134K [0x00000000a0000000, 0x00000000ad080000, 0x00000000e0000000)
  object space 213504K, 63% used [0x00000000a0000000,0x00000000a83f7af0,0x00000000ad080000)
 Metaspace       used 147947K, capacity 157802K, committed 157952K, reserved 1185792K
  class space    used 19031K, capacity 20683K, committed 20736K, reserved 1048576K
}
Event: 5367.991 GC heap before
{Heap before GC invocations=47 (full 4):
 PSYoungGen      total 343552K, used 305669K [0x00000000e0000000, 0x00000000fa200000, 0x0000000100000000)
  eden space 266240K, 100% used [0x00000000e0000000,0x00000000f0400000,0x00000000f0400000)
  from space 77312K, 51% used [0x00000000f5680000,0x00000000f7d01720,0x00000000fa200000)
  to   space 80896K, 0% used [0x00000000f0400000,0x00000000f0400000,0x00000000f5300000)
 ParOldGen       total 213504K, used 135134K [0x00000000a0000000, 0x00000000ad080000, 0x00000000e0000000)
  object space 213504K, 63% used [0x00000000a0000000,0x00000000a83f7af0,0x00000000ad080000)
 Metaspace       used 148044K, capacity 157990K, committed 158208K, reserved 1187840K
  class space    used 19037K, capacity 20693K, committed 20736K, reserved 1048576K
Event: 5368.011 GC heap after
Heap after GC invocations=47 (full 4):
 PSYoungGen      total 268800K, used 10977K [0x00000000e0000000, 0x00000000f9480000, 0x0000000100000000)
  eden space 257536K, 0% used [0x00000000e0000000,0x00000000e0000000,0x00000000efb80000)
  from space 11264K, 97% used [0x00000000f0400000,0x00000000f0eb84a8,0x00000000f0f00000)
  to   space 78336K, 0% used [0x00000000f4800000,0x00000000f4800000,0x00000000f9480000)
 ParOldGen       total 213504K, used 135230K [0x00000000a0000000, 0x00000000ad080000, 0x00000000e0000000)
  object space 213504K, 63% used [0x00000000a0000000,0x00000000a840faf0,0x00000000ad080000)
 Metaspace       used 148044K, capacity 157990K, committed 158208K, reserved 1187840K
  class space    used 19037K, capacity 20693K, committed 20736K, reserved 1048576K
}
Event: 5854.570 GC heap before
{Heap before GC invocations=48 (full 4):
 PSYoungGen      total 268800K, used 268513K [0x00000000e0000000, 0x00000000f9480000, 0x0000000100000000)
  eden space 257536K, 100% used [0x00000000e0000000,0x00000000efb80000,0x00000000efb80000)
  from space 11264K, 97% used [0x00000000f0400000,0x00000000f0eb84a8,0x00000000f0f00000)
  to   space 78336K, 0% used [0x00000000f4800000,0x00000000f4800000,0x00000000f9480000)
 ParOldGen       total 213504K, used 135230K [0x00000000a0000000, 0x00000000ad080000, 0x00000000e0000000)
  object space 213504K, 63% used [0x00000000a0000000,0x00000000a840faf0,0x00000000ad080000)
 Metaspace       used 148240K, capacity 158266K, committed 158592K, reserved 1187840K
  class space    used 19062K, capacity 20739K, committed 20864K, reserved 1048576K
Event: 5854.622 GC heap after
Heap after GC invocations=48 (full 4):
 PSYoungGen      total 315392K, used 5904K [0x00000000e0000000, 0x00000000f8900000, 0x0000000100000000)
  eden space 248832K, 0% used [0x00000000e0000000,0x00000000e0000000,0x00000000ef300000)
  from space 66560K, 8% used [0x00000000f4800000,0x00000000f4dc4020,0x00000000f8900000)
  to   space 76800K, 0% used [0x00000000ef300000,0x00000000ef300000,0x00000000f3e00000)
 ParOldGen       total 213504K, used 135294K [0x00000000a0000000, 0x00000000ad080000, 0x00000000e0000000)
  object space 213504K, 63% used [0x00000000a0000000,0x00000000a841faf0,0x00000000ad080000)
 Metaspace       used 148240K, capacity 158266K, committed 158592K, reserved 1187840K
  class space    used 19062K, capacity 20739K, committed 20864K, reserved 1048576K
}

