# JRE version: OpenJDK Runtime Environment (8.0_202-b03) (build 1.8.0_202-release-1483-b03)
# Java VM: OpenJDK 64-Bit Server VM (25.202-b03 mixed mode windows-amd64 compressed oops)
Heap:
 PSYoungGen      total 208896K, used 19966K [0x00000000e0000000, 0x00000000f0800000, 0x0000000100000000)
  eden space 189952K, 3% used [0x00000000e0000000,0x00000000e07423d8,0x00000000eb980000)
  from space 18944K, 66% used [0x00000000eb980000,0x00000000ec5bd758,0x00000000ecc00000)
  to   space 19456K, 0% used [0x00000000ef500000,0x00000000ef500000,0x00000000f0800000)
 ParOldGen       total 83968K, used 31362K [0x00000000a0000000, 0x00000000a5200000, 0x00000000e0000000)
  object space 83968K, 37% used [0x00000000a0000000,0x00000000a1ea0be0,0x00000000a5200000)
 Metaspace       used 62198K, capacity 64200K, committed 64512K, reserved 1105920K
  class space    used 8409K, capacity 8892K, committed 8960K, reserved 1048576K
GC Heap History (10 events):
Event: 9.385 GC heap before
{Heap before GC invocations=12 (full 2):
 PSYoungGen      total 122368K, used 111104K [0x00000000e0000000, 0x00000000eae80000, 0x0000000100000000)
  eden space 111104K, 100% used [0x00000000e0000000,0x00000000e6c80000,0x00000000e6c80000)
  from space 11264K, 0% used [0x00000000e6c80000,0x00000000e6c80000,0x00000000e7780000)
  to   space 11776K, 0% used [0x00000000ea300000,0x00000000ea300000,0x00000000eae80000)
 ParOldGen       total 83968K, used 16605K [0x00000000a0000000, 0x00000000a5200000, 0x00000000e0000000)
  object space 83968K, 19% used [0x00000000a0000000,0x00000000a10375f8,0x00000000a5200000)
 Metaspace       used 45431K, capacity 46374K, committed 46592K, reserved 1089536K
  class space    used 6109K, capacity 6382K, committed 6400K, reserved 1048576K
Event: 9.402 GC heap after
Heap after GC invocations=12 (full 2):
 PSYoungGen      total 157696K, used 11763K [0x00000000e0000000, 0x00000000eae80000, 0x0000000100000000)
  eden space 145920K, 0% used [0x00000000e0000000,0x00000000e0000000,0x00000000e8e80000)
  from space 11776K, 99% used [0x00000000ea300000,0x00000000eae7cea8,0x00000000eae80000)
  to   space 13824K, 0% used [0x00000000e9380000,0x00000000e9380000,0x00000000ea100000)
 ParOldGen       total 83968K, used 19367K [0x00000000a0000000, 0x00000000a5200000, 0x00000000e0000000)
  object space 83968K, 23% used [0x00000000a0000000,0x00000000a12e9ea0,0x00000000a5200000)
 Metaspace       used 45431K, capacity 46374K, committed 46592K, reserved 1089536K
  class space    used 6109K, capacity 6382K, committed 6400K, reserved 1048576K
}
Event: 11.796 GC heap before
{Heap before GC invocations=13 (full 2):
 PSYoungGen      total 157696K, used 157683K [0x00000000e0000000, 0x00000000eae80000, 0x0000000100000000)
  eden space 145920K, 100% used [0x00000000e0000000,0x00000000e8e80000,0x00000000e8e80000)
  from space 11776K, 99% used [0x00000000ea300000,0x00000000eae7cea8,0x00000000eae80000)
  to   space 13824K, 0% used [0x00000000e9380000,0x00000000e9380000,0x00000000ea100000)
 ParOldGen       total 83968K, used 19367K [0x00000000a0000000, 0x00000000a5200000, 0x00000000e0000000)
  object space 83968K, 23% used [0x00000000a0000000,0x00000000a12e9ea0,0x00000000a5200000)
 Metaspace       used 55790K, capacity 57326K, committed 57472K, reserved 1099776K
  class space    used 7580K, capacity 8001K, committed 8064K, reserved 1048576K
Event: 11.831 GC heap after
Heap after GC invocations=13 (full 2):
 PSYoungGen      total 164864K, used 13795K [0x00000000e0000000, 0x00000000ede80000, 0x0000000100000000)
  eden space 151040K, 0% used [0x00000000e0000000,0x00000000e0000000,0x00000000e9380000)
  from space 13824K, 99% used [0x00000000e9380000,0x00000000ea0f8e30,0x00000000ea100000)
  to   space 18944K, 0% used [0x00000000ecc00000,0x00000000ecc00000,0x00000000ede80000)
 ParOldGen       total 83968K, used 28170K [0x00000000a0000000, 0x00000000a5200000, 0x00000000e0000000)
  object space 83968K, 33% used [0x00000000a0000000,0x00000000a1b829b0,0x00000000a5200000)
 Metaspace       used 55790K, capacity 57326K, committed 57472K, reserved 1099776K
  class space    used 7580K, capacity 8001K, committed 8064K, reserved 1048576K
}
Event: 12.357 GC heap before
{Heap before GC invocations=14 (full 2):
 PSYoungGen      total 164864K, used 42611K [0x00000000e0000000, 0x00000000ede80000, 0x0000000100000000)
  eden space 151040K, 19% used [0x00000000e0000000,0x00000000e1c241c0,0x00000000e9380000)
  from space 13824K, 99% used [0x00000000e9380000,0x00000000ea0f8e30,0x00000000ea100000)
  to   space 18944K, 0% used [0x00000000ecc00000,0x00000000ecc00000,0x00000000ede80000)
 ParOldGen       total 83968K, used 28170K [0x00000000a0000000, 0x00000000a5200000, 0x00000000e0000000)
  object space 83968K, 33% used [0x00000000a0000000,0x00000000a1b829b0,0x00000000a5200000)
 Metaspace       used 57372K, capacity 58972K, committed 59096K, reserved 1099776K
  class space    used 7797K, capacity 8230K, committed 8320K, reserved 1048576K
Event: 12.376 GC heap after
Heap after GC invocations=14 (full 2):
 PSYoungGen      total 208896K, used 2546K [0x00000000e0000000, 0x00000000eea80000, 0x0000000100000000)
  eden space 189952K, 0% used [0x00000000e0000000,0x00000000e0000000,0x00000000eb980000)
  from space 18944K, 13% used [0x00000000ecc00000,0x00000000ece7c9f8,0x00000000ede80000)
  to   space 18944K, 0% used [0x00000000eb980000,0x00000000eb980000,0x00000000ecc00000)
 ParOldGen       total 83968K, used 35917K [0x00000000a0000000, 0x00000000a5200000, 0x00000000e0000000)
  object space 83968K, 42% used [0x00000000a0000000,0x00000000a2313400,0x00000000a5200000)
 Metaspace       used 57372K, capacity 58972K, committed 59096K, reserved 1099776K
  class space    used 7797K, capacity 8230K, committed 8320K, reserved 1048576K
}
Event: 12.376 GC heap before
{Heap before GC invocations=15 (full 3):
 PSYoungGen      total 208896K, used 2546K [0x00000000e0000000, 0x00000000eea80000, 0x0000000100000000)
  eden space 189952K, 0% used [0x00000000e0000000,0x00000000e0000000,0x00000000eb980000)
  from space 18944K, 13% used [0x00000000ecc00000,0x00000000ece7c9f8,0x00000000ede80000)
  to   space 18944K, 0% used [0x00000000eb980000,0x00000000eb980000,0x00000000ecc00000)
 ParOldGen       total 83968K, used 35917K [0x00000000a0000000, 0x00000000a5200000, 0x00000000e0000000)
  object space 83968K, 42% used [0x00000000a0000000,0x00000000a2313400,0x00000000a5200000)
 Metaspace       used 57372K, capacity 58972K, committed 59096K, reserved 1099776K
  class space    used 7797K, capacity 8230K, committed 8320K, reserved 1048576K
Event: 12.666 GC heap after
Heap after GC invocations=15 (full 3):
 PSYoungGen      total 208896K, used 0K [0x00000000e0000000, 0x00000000eea80000, 0x0000000100000000)
  eden space 189952K, 0% used [0x00000000e0000000,0x00000000e0000000,0x00000000eb980000)
  from space 18944K, 0% used [0x00000000ecc00000,0x00000000ecc00000,0x00000000ede80000)
  to   space 18944K, 0% used [0x00000000eb980000,0x00000000eb980000,0x00000000ecc00000)
 ParOldGen       total 83968K, used 31354K [0x00000000a0000000, 0x00000000a5200000, 0x00000000e0000000)
  object space 83968K, 37% used [0x00000000a0000000,0x00000000a1e9ebe0,0x00000000a5200000)
 Metaspace       used 57372K, capacity 58972K, committed 59096K, reserved 1099776K
  class space    used 7797K, capacity 8230K, committed 8320K, reserved 1048576K
}
Event: 18.125 GC heap before
{Heap before GC invocations=16 (full 3):
 PSYoungGen      total 208896K, used 189952K [0x00000000e0000000, 0x00000000eea80000, 0x0000000100000000)
  eden space 189952K, 100% used [0x00000000e0000000,0x00000000eb980000,0x00000000eb980000)
  from space 18944K, 0% used [0x00000000ecc00000,0x00000000ecc00000,0x00000000ede80000)
  to   space 18944K, 0% used [0x00000000eb980000,0x00000000eb980000,0x00000000ecc00000)
 ParOldGen       total 83968K, used 31354K [0x00000000a0000000, 0x00000000a5200000, 0x00000000e0000000)
  object space 83968K, 37% used [0x00000000a0000000,0x00000000a1e9ebe0,0x00000000a5200000)
 Metaspace       used 62116K, capacity 64104K, committed 64256K, reserved 1103872K
  class space    used 8399K, capacity 8860K, committed 8960K, reserved 1048576K
Event: 18.158 GC heap after
Heap after GC invocations=16 (full 3):
 PSYoungGen      total 208896K, used 12533K [0x00000000e0000000, 0x00000000f0800000, 0x0000000100000000)
  eden space 189952K, 0% used [0x00000000e0000000,0x00000000e0000000,0x00000000eb980000)
  from space 18944K, 66% used [0x00000000eb980000,0x00000000ec5bd758,0x00000000ecc00000)
  to   space 19456K, 0% used [0x00000000ef500000,0x00000000ef500000,0x00000000f0800000)
 ParOldGen       total 83968K, used 31362K [0x00000000a0000000, 0x00000000a5200000, 0x00000000e0000000)
  object space 83968K, 37% used [0x00000000a0000000,0x00000000a1ea0be0,0x00000000a5200000)
 Metaspace       used 62116K, capacity 64104K, committed 64256K, reserved 1103872K
  class space    used 8399K, capacity 8860K, committed 8960K, reserved 1048576K
}

